Determining if the pthread_create exist failed with the following output:
Change Dir: /home/johannes/development/grafikk/ex2/build/CMakeFiles/CMakeTmp

Run Build Command:"/usr/bin/make" "cmTC_0c974/fast"
/usr/bin/make -f CMakeFiles/cmTC_0c974.dir/build.make CMakeFiles/cmTC_0c974.dir/build
make[1]: Entering directory '/home/johannes/development/grafikk/ex2/build/CMakeFiles/CMakeTmp'
Building C object CMakeFiles/cmTC_0c974.dir/CheckSymbolExists.c.o
/usr/bin/cc     -o CMakeFiles/cmTC_0c974.dir/CheckSymbolExists.c.o   -c /home/johannes/development/grafikk/ex2/build/CMakeFiles/CMakeTmp/CheckSymbolExists.c
Linking C executable cmTC_0c974
/usr/bin/cmake -E cmake_link_script CMakeFiles/cmTC_0c974.dir/link.txt --verbose=1
/usr/bin/cc       CMakeFiles/cmTC_0c974.dir/CheckSymbolExists.c.o  -o cmTC_0c974 -rdynamic 
CMakeFiles/cmTC_0c974.dir/CheckSymbolExists.c.o: In function `main':
CheckSymbolExists.c:(.text+0x16): undefined reference to `pthread_create'
collect2: error: ld returned 1 exit status
CMakeFiles/cmTC_0c974.dir/build.make:97: recipe for target 'cmTC_0c974' failed
make[1]: *** [cmTC_0c974] Error 1
make[1]: Leaving directory '/home/johannes/development/grafikk/ex2/build/CMakeFiles/CMakeTmp'
Makefile:126: recipe for target 'cmTC_0c974/fast' failed
make: *** [cmTC_0c974/fast] Error 2

File /home/johannes/development/grafikk/ex2/build/CMakeFiles/CMakeTmp/CheckSymbolExists.c:
/* */
#include <pthread.h>

int main(int argc, char** argv)
{
  (void)argv;
#ifndef pthread_create
  return ((int*)(&pthread_create))[argc];
#else
  (void)argc;
  return 0;
#endif
}

Determining if the function pthread_create exists in the pthreads failed with the following output:
Change Dir: /home/johannes/development/grafikk/ex2/build/CMakeFiles/CMakeTmp

Run Build Command:"/usr/bin/make" "cmTC_242da/fast"
/usr/bin/make -f CMakeFiles/cmTC_242da.dir/build.make CMakeFiles/cmTC_242da.dir/build
make[1]: Entering directory '/home/johannes/development/grafikk/ex2/build/CMakeFiles/CMakeTmp'
Building C object CMakeFiles/cmTC_242da.dir/CheckFunctionExists.c.o
/usr/bin/cc    -DCHECK_FUNCTION_EXISTS=pthread_create   -o CMakeFiles/cmTC_242da.dir/CheckFunctionExists.c.o   -c /usr/share/cmake-3.5/Modules/CheckFunctionExists.c
Linking C executable cmTC_242da
/usr/bin/cmake -E cmake_link_script CMakeFiles/cmTC_242da.dir/link.txt --verbose=1
/usr/bin/cc   -DCHECK_FUNCTION_EXISTS=pthread_create    CMakeFiles/cmTC_242da.dir/CheckFunctionExists.c.o  -o cmTC_242da -rdynamic -lpthreads 
/usr/bin/ld: cannot find -lpthreads
collect2: error: ld returned 1 exit status
CMakeFiles/cmTC_242da.dir/build.make:97: recipe for target 'cmTC_242da' failed
make[1]: *** [cmTC_242da] Error 1
make[1]: Leaving directory '/home/johannes/development/grafikk/ex2/build/CMakeFiles/CMakeTmp'
Makefile:126: recipe for target 'cmTC_242da/fast' failed
make: *** [cmTC_242da/fast] Error 2


